# JRE version: OpenJDK Runtime Environment Corretto-18.0.2.9.1 (18.0.2+9) (build 18.0.2+9-FR)
# Java VM: OpenJDK 64-Bit Server VM Corretto-18.0.2.9.1 (18.0.2+9-FR, mixed mode, sharing, tiered, compressed oops, compressed class ptrs, g1 gc, windows-amd64)
GC Precious Log:
 CardTable entry size: 512
 Card Set container configuration: InlinePtr #cards 5 size 8 Array Of Cards #cards 12 size 40 Howl #buckets 4 coarsen threshold 1843 Howl Bitmap #cards 512 size 80 coarsen threshold 460 Card regions per heap region 1 cards per card region 2048
 CPUs: 12 total, 12 available
 Memory: 7929M
 Large Page Support: Disabled
 NUMA Support: Disabled
 Compressed Oops: Enabled (32-bit)
 Heap Region Size: 1M
 Heap Min Capacity: 8M
 Heap Initial Capacity: 124M
 Heap Max Capacity: 1984M
 Pre-touch: Disabled
 Parallel Workers: 10
 Concurrent Workers: 3
 Concurrent Refinement Workers: 10
 Periodic GC: Disabled
Heap:
 garbage-first heap   total 126976K, used 51341K [0x0000000084000000, 0x0000000100000000)
  region size 1024K, 31 young (31744K), 1 survivors (1024K)
 Metaspace       used 6629K, committed 6848K, reserved 1114112K
  class space    used 291K, committed 384K, reserved 1048576K
GC Heap History (14 events):
Event: 0.544 GC heap before
{Heap before GC invocations=0 (full 0):
 garbage-first heap   total 126976K, used 23552K [0x0000000084000000, 0x0000000100000000)
  region size 1024K, 23 young (23552K), 0 survivors (0K)
 Metaspace       used 4530K, committed 4736K, reserved 1114112K
  class space    used 243K, committed 320K, reserved 1048576K
}
Event: 0.556 GC heap after
{Heap after GC invocations=1 (full 0):
 garbage-first heap   total 126976K, used 10006K [0x0000000084000000, 0x0000000100000000)
  region size 1024K, 3 young (3072K), 3 survivors (3072K)
 Metaspace       used 4530K, committed 4736K, reserved 1114112K
  class space    used 243K, committed 320K, reserved 1048576K
}
Event: 0.900 GC heap before
{Heap before GC invocations=1 (full 0):
 garbage-first heap   total 126976K, used 32534K [0x0000000084000000, 0x0000000100000000)
  region size 1024K, 23 young (23552K), 3 survivors (3072K)
 Metaspace       used 6020K, committed 6208K, reserved 1114112K
  class space    used 291K, committed 384K, reserved 1048576K
}
Event: 0.910 GC heap after
{Heap after GC invocations=2 (full 0):
 garbage-first heap   total 126976K, used 20987K [0x0000000084000000, 0x0000000100000000)
  region size 1024K, 3 young (3072K), 3 survivors (3072K)
 Metaspace       used 6020K, committed 6208K, reserved 1114112K
  class space    used 291K, committed 384K, reserved 1048576K
}
Event: 4.350 GC heap before
{Heap before GC invocations=2 (full 0):
 garbage-first heap   total 126976K, used 55803K [0x0000000084000000, 0x0000000100000000)
  region size 1024K, 37 young (37888K), 3 survivors (3072K)
 Metaspace       used 6258K, committed 6464K, reserved 1114112K
  class space    used 291K, committed 384K, reserved 1048576K
}
Event: 4.354 GC heap after
{Heap after GC invocations=3 (full 0):
 garbage-first heap   total 126976K, used 22085K [0x0000000084000000, 0x0000000100000000)
  region size 1024K, 1 young (1024K), 1 survivors (1024K)
 Metaspace       used 6258K, committed 6464K, reserved 1114112K
  class space    used 291K, committed 384K, reserved 1048576K
}
Event: 11.320 GC heap before
{Heap before GC invocations=3 (full 0):
 garbage-first heap   total 126976K, used 91717K [0x0000000084000000, 0x0000000100000000)
  region size 1024K, 69 young (70656K), 1 survivors (1024K)
 Metaspace       used 6394K, committed 6592K, reserved 1114112K
  class space    used 291K, committed 384K, reserved 1048576K
}
Event: 11.321 GC heap after
{Heap after GC invocations=4 (full 0):
 garbage-first heap   total 126976K, used 21661K [0x0000000084000000, 0x0000000100000000)
  region size 1024K, 1 young (1024K), 1 survivors (1024K)
 Metaspace       used 6394K, committed 6592K, reserved 1114112K
  class space    used 291K, committed 384K, reserved 1048576K
}
Event: 18.839 GC heap before
{Heap before GC invocations=4 (full 0):
 garbage-first heap   total 126976K, used 96413K [0x0000000084000000, 0x0000000100000000)
  region size 1024K, 74 young (75776K), 1 survivors (1024K)
 Metaspace       used 6464K, committed 6656K, reserved 1114112K
  class space    used 291K, committed 384K, reserved 1048576K
}
Event: 18.840 GC heap after
{Heap after GC invocations=5 (full 0):
 garbage-first heap   total 126976K, used 21625K [0x0000000084000000, 0x0000000100000000)
  region size 1024K, 1 young (1024K), 1 survivors (1024K)
 Metaspace       used 6464K, committed 6656K, reserved 1114112K
  class space    used 291K, committed 384K, reserved 1048576K
}
Event: 25.335 GC heap before
{Heap before GC invocations=5 (full 0):
 garbage-first heap   total 126976K, used 96377K [0x0000000084000000, 0x0000000100000000)
  region size 1024K, 74 young (75776K), 1 survivors (1024K)
 Metaspace       used 6556K, committed 6784K, reserved 1114112K
  class space    used 291K, committed 384K, reserved 1048576K
}
Event: 25.336 GC heap after
{Heap after GC invocations=6 (full 0):
 garbage-first heap   total 126976K, used 21631K [0x0000000084000000, 0x0000000100000000)
  region size 1024K, 1 young (1024K), 1 survivors (1024K)
 Metaspace       used 6556K, committed 6784K, reserved 1114112K
  class space    used 291K, committed 384K, reserved 1048576K
}
Event: 32.074 GC heap before
{Heap before GC invocations=6 (full 0):
 garbage-first heap   total 126976K, used 96383K [0x0000000084000000, 0x0000000100000000)
  region size 1024K, 74 young (75776K), 1 survivors (1024K)
 Metaspace       used 6626K, committed 6848K, reserved 1114112K
  class space    used 291K, committed 384K, reserved 1048576K
}
Event: 32.075 GC heap after
{Heap after GC invocations=7 (full 0):
 garbage-first heap   total 126976K, used 21645K [0x0000000084000000, 0x0000000100000000)
  region size 1024K, 1 young (1024K), 1 survivors (1024K)
 Metaspace       used 6626K, committed 6848K, reserved 1114112K
  class space    used 291K, committed 384K, reserved 1048576K
}

