# JRE version: OpenJDK Runtime Environment Corretto-18.0.2.9.1 (18.0.2+9) (build 18.0.2+9-FR)
# Java VM: OpenJDK 64-Bit Server VM Corretto-18.0.2.9.1 (18.0.2+9-FR, mixed mode, sharing, tiered, compressed oops, compressed class ptrs, g1 gc, windows-amd64)
GC Precious Log:
 CardTable entry size: 512
 Card Set container configuration: InlinePtr #cards 5 size 8 Array Of Cards #cards 12 size 40 Howl #buckets 4 coarsen threshold 1843 Howl Bitmap #cards 512 size 80 coarsen threshold 460 Card regions per heap region 1 cards per card region 2048
 CPUs: 12 total, 12 available
 Memory: 7929M
 Large Page Support: Disabled
 NUMA Support: Disabled
 Compressed Oops: Enabled (32-bit)
 Heap Region Size: 1M
 Heap Min Capacity: 8M
 Heap Initial Capacity: 124M
 Heap Max Capacity: 1984M
 Pre-touch: Disabled
 Parallel Workers: 10
 Concurrent Workers: 3
 Concurrent Refinement Workers: 10
 Periodic GC: Disabled
Heap:
 garbage-first heap   total 126976K, used 67552K [0x0000000084000000, 0x0000000100000000)
  region size 1024K, 63 young (64512K), 1 survivors (1024K)
 Metaspace       used 6489K, committed 6720K, reserved 1114112K
  class space    used 291K, committed 384K, reserved 1048576K
GC Heap History (8 events):
Event: 0.715 GC heap before
{Heap before GC invocations=0 (full 0):
 garbage-first heap   total 126976K, used 22528K [0x0000000084000000, 0x0000000100000000)
  region size 1024K, 23 young (23552K), 0 survivors (0K)
 Metaspace       used 6005K, committed 6208K, reserved 1114112K
  class space    used 291K, committed 384K, reserved 1048576K
}
Event: 0.721 GC heap after
{Heap after GC invocations=1 (full 0):
 garbage-first heap   total 126976K, used 4775K [0x0000000084000000, 0x0000000100000000)
  region size 1024K, 3 young (3072K), 3 survivors (3072K)
 Metaspace       used 6005K, committed 6208K, reserved 1114112K
  class space    used 291K, committed 384K, reserved 1048576K
}
Event: 2.414 GC heap before
{Heap before GC invocations=1 (full 0):
 garbage-first heap   total 126976K, used 34471K [0x0000000084000000, 0x0000000100000000)
  region size 1024K, 32 young (32768K), 3 survivors (3072K)
 Metaspace       used 6194K, committed 6400K, reserved 1114112K
  class space    used 291K, committed 384K, reserved 1048576K
}
Event: 2.417 GC heap after
{Heap after GC invocations=2 (full 0):
 garbage-first heap   total 126976K, used 5479K [0x0000000084000000, 0x0000000100000000)
  region size 1024K, 1 young (1024K), 1 survivors (1024K)
 Metaspace       used 6194K, committed 6400K, reserved 1114112K
  class space    used 291K, committed 384K, reserved 1048576K
}
Event: 6.287 GC heap before
{Heap before GC invocations=2 (full 0):
 garbage-first heap   total 126976K, used 80231K [0x0000000084000000, 0x0000000100000000)
  region size 1024K, 74 young (75776K), 1 survivors (1024K)
 Metaspace       used 6320K, committed 6528K, reserved 1114112K
  class space    used 291K, committed 384K, reserved 1048576K
}
Event: 6.288 GC heap after
{Heap after GC invocations=3 (full 0):
 garbage-first heap   total 126976K, used 5093K [0x0000000084000000, 0x0000000100000000)
  region size 1024K, 1 young (1024K), 1 survivors (1024K)
 Metaspace       used 6320K, committed 6528K, reserved 1114112K
  class space    used 291K, committed 384K, reserved 1048576K
}
Event: 9.128 GC heap before
{Heap before GC invocations=3 (full 0):
 garbage-first heap   total 126976K, used 79845K [0x0000000084000000, 0x0000000100000000)
  region size 1024K, 74 young (75776K), 1 survivors (1024K)
 Metaspace       used 6391K, committed 6592K, reserved 1114112K
  class space    used 291K, committed 384K, reserved 1048576K
}
Event: 9.129 GC heap after
{Heap after GC invocations=4 (full 0):
 garbage-first heap   total 126976K, used 5088K [0x0000000084000000, 0x0000000100000000)
  region size 1024K, 1 young (1024K), 1 survivors (1024K)
 Metaspace       used 6391K, committed 6592K, reserved 1114112K
  class space    used 291K, committed 384K, reserved 1048576K
}

