# JRE version: OpenJDK Runtime Environment Corretto-18.0.2.9.1 (18.0.2+9) (build 18.0.2+9-FR)
# Java VM: OpenJDK 64-Bit Server VM Corretto-18.0.2.9.1 (18.0.2+9-FR, mixed mode, sharing, tiered, compressed oops, compressed class ptrs, g1 gc, windows-amd64)
GC Precious Log:
 CardTable entry size: 512
 Card Set container configuration: InlinePtr #cards 5 size 8 Array Of Cards #cards 12 size 40 Howl #buckets 4 coarsen threshold 1843 Howl Bitmap #cards 512 size 80 coarsen threshold 460 Card regions per heap region 1 cards per card region 2048
 CPUs: 12 total, 12 available
 Memory: 7929M
 Large Page Support: Disabled
 NUMA Support: Disabled
 Compressed Oops: Enabled (32-bit)
 Heap Region Size: 1M
 Heap Min Capacity: 8M
 Heap Initial Capacity: 124M
 Heap Max Capacity: 1984M
 Pre-touch: Disabled
 Parallel Workers: 10
 Concurrent Workers: 3
 Concurrent Refinement Workers: 10
 Periodic GC: Disabled
Heap:
 garbage-first heap   total 126976K, used 46765K [0x0000000084000000, 0x0000000100000000)
  region size 1024K, 26 young (26624K), 1 survivors (1024K)
 Metaspace       used 6680K, committed 6848K, reserved 1114112K
  class space    used 291K, committed 384K, reserved 1048576K
GC Heap History (10 events):
Event: 0.855 GC heap before
{Heap before GC invocations=0 (full 0):
 garbage-first heap   total 126976K, used 23552K [0x0000000084000000, 0x0000000100000000)
  region size 1024K, 23 young (23552K), 0 survivors (0K)
 Metaspace       used 4544K, committed 4736K, reserved 1114112K
  class space    used 243K, committed 320K, reserved 1048576K
}
Event: 0.867 GC heap after
{Heap after GC invocations=1 (full 0):
 garbage-first heap   total 126976K, used 9969K [0x0000000084000000, 0x0000000100000000)
  region size 1024K, 3 young (3072K), 3 survivors (3072K)
 Metaspace       used 4544K, committed 4736K, reserved 1114112K
  class space    used 243K, committed 320K, reserved 1048576K
}
Event: 1.419 GC heap before
{Heap before GC invocations=1 (full 0):
 garbage-first heap   total 126976K, used 32497K [0x0000000084000000, 0x0000000100000000)
  region size 1024K, 23 young (23552K), 3 survivors (3072K)
 Metaspace       used 6049K, committed 6208K, reserved 1114112K
  class space    used 291K, committed 384K, reserved 1048576K
}
Event: 1.428 GC heap after
{Heap after GC invocations=2 (full 0):
 garbage-first heap   total 126976K, used 21495K [0x0000000084000000, 0x0000000100000000)
  region size 1024K, 3 young (3072K), 3 survivors (3072K)
 Metaspace       used 6049K, committed 6208K, reserved 1114112K
  class space    used 291K, committed 384K, reserved 1048576K
}
Event: 10.051 GC heap before
{Heap before GC invocations=2 (full 0):
 garbage-first heap   total 126976K, used 56311K [0x0000000084000000, 0x0000000100000000)
  region size 1024K, 37 young (37888K), 3 survivors (3072K)
 Metaspace       used 6408K, committed 6592K, reserved 1114112K
  class space    used 291K, committed 384K, reserved 1048576K
}
Event: 10.054 GC heap after
{Heap after GC invocations=3 (full 0):
 garbage-first heap   total 126976K, used 22596K [0x0000000084000000, 0x0000000100000000)
  region size 1024K, 1 young (1024K), 1 survivors (1024K)
 Metaspace       used 6408K, committed 6592K, reserved 1114112K
  class space    used 291K, committed 384K, reserved 1048576K
}
Event: 23.120 GC heap before
{Heap before GC invocations=3 (full 0):
 garbage-first heap   total 126976K, used 89156K [0x0000000084000000, 0x0000000100000000)
  region size 1024K, 66 young (67584K), 1 survivors (1024K)
 Metaspace       used 6601K, committed 6784K, reserved 1114112K
  class space    used 291K, committed 384K, reserved 1048576K
}
Event: 23.121 GC heap after
{Heap after GC invocations=4 (full 0):
 garbage-first heap   total 126976K, used 22172K [0x0000000084000000, 0x0000000100000000)
  region size 1024K, 1 young (1024K), 1 survivors (1024K)
 Metaspace       used 6601K, committed 6784K, reserved 1114112K
  class space    used 291K, committed 384K, reserved 1048576K
}
Event: 38.460 GC heap before
{Heap before GC invocations=4 (full 0):
 garbage-first heap   total 126976K, used 95900K [0x0000000084000000, 0x0000000100000000)
  region size 1024K, 73 young (74752K), 1 survivors (1024K)
 Metaspace       used 6671K, committed 6848K, reserved 1114112K
  class space    used 291K, committed 384K, reserved 1048576K
}
Event: 38.462 GC heap after
{Heap after GC invocations=5 (full 0):
 garbage-first heap   total 126976K, used 22189K [0x0000000084000000, 0x0000000100000000)
  region size 1024K, 1 young (1024K), 1 survivors (1024K)
 Metaspace       used 6671K, committed 6848K, reserved 1114112K
  class space    used 291K, committed 384K, reserved 1048576K
}

