# JRE version: OpenJDK Runtime Environment Corretto-18.0.2.9.1 (18.0.2+9) (build 18.0.2+9-FR)
# Java VM: OpenJDK 64-Bit Server VM Corretto-18.0.2.9.1 (18.0.2+9-FR, mixed mode, sharing, tiered, compressed oops, compressed class ptrs, g1 gc, windows-amd64)
GC Precious Log:
 CardTable entry size: 512
 Card Set container configuration: InlinePtr #cards 5 size 8 Array Of Cards #cards 12 size 40 Howl #buckets 4 coarsen threshold 1843 Howl Bitmap #cards 512 size 80 coarsen threshold 460 Card regions per heap region 1 cards per card region 2048
 CPUs: 12 total, 12 available
 Memory: 7929M
 Large Page Support: Disabled
 NUMA Support: Disabled
 Compressed Oops: Enabled (32-bit)
 Heap Region Size: 1M
 Heap Min Capacity: 8M
 Heap Initial Capacity: 124M
 Heap Max Capacity: 1984M
 Pre-touch: Disabled
 Parallel Workers: 10
 Concurrent Workers: 3
 Concurrent Refinement Workers: 10
 Periodic GC: Disabled
Heap:
 garbage-first heap   total 126976K, used 57435K [0x0000000084000000, 0x0000000100000000)
  region size 1024K, 17 young (17408K), 1 survivors (1024K)
 Metaspace       used 6691K, committed 6848K, reserved 1114112K
  class space    used 293K, committed 384K, reserved 1048576K
GC Heap History (18 events):
Event: 0.453 GC heap before
{Heap before GC invocations=0 (full 0):
 garbage-first heap   total 126976K, used 23552K [0x0000000084000000, 0x0000000100000000)
  region size 1024K, 23 young (23552K), 0 survivors (0K)
 Metaspace       used 4568K, committed 4736K, reserved 1114112K
  class space    used 246K, committed 320K, reserved 1048576K
}
Event: 0.463 GC heap after
{Heap after GC invocations=1 (full 0):
 garbage-first heap   total 126976K, used 9969K [0x0000000084000000, 0x0000000100000000)
  region size 1024K, 3 young (3072K), 3 survivors (3072K)
 Metaspace       used 4568K, committed 4736K, reserved 1114112K
  class space    used 246K, committed 320K, reserved 1048576K
}
Event: 0.540 GC heap before
{Heap before GC invocations=1 (full 0):
 garbage-first heap   total 126976K, used 34545K [0x0000000084000000, 0x0000000100000000)
  region size 1024K, 24 young (24576K), 3 survivors (3072K)
 Metaspace       used 4587K, committed 4736K, reserved 1114112K
  class space    used 246K, committed 320K, reserved 1048576K
}
Event: 0.554 GC heap after
{Heap after GC invocations=2 (full 0):
 garbage-first heap   total 126976K, used 25600K [0x0000000084000000, 0x0000000100000000)
  region size 1024K, 3 young (3072K), 3 survivors (3072K)
 Metaspace       used 4587K, committed 4736K, reserved 1114112K
  class space    used 246K, committed 320K, reserved 1048576K
}
Event: 1.356 GC heap before
{Heap before GC invocations=2 (full 0):
 garbage-first heap   total 126976K, used 60416K [0x0000000084000000, 0x0000000100000000)
  region size 1024K, 34 young (34816K), 3 survivors (3072K)
 Metaspace       used 6127K, committed 6336K, reserved 1114112K
  class space    used 293K, committed 384K, reserved 1048576K
}
Event: 1.371 GC heap after
{Heap after GC invocations=3 (full 0):
 garbage-first heap   total 126976K, used 41984K [0x0000000084000000, 0x0000000100000000)
  region size 1024K, 5 young (5120K), 5 survivors (5120K)
 Metaspace       used 6127K, committed 6336K, reserved 1114112K
  class space    used 293K, committed 384K, reserved 1048576K
}
Event: 2.815 GC heap before
{Heap before GC invocations=3 (full 0):
 garbage-first heap   total 126976K, used 70656K [0x0000000084000000, 0x0000000100000000)
  region size 1024K, 33 young (33792K), 5 survivors (5120K)
 Metaspace       used 6307K, committed 6528K, reserved 1114112K
  class space    used 293K, committed 384K, reserved 1048576K
}
Event: 2.821 GC heap after
{Heap after GC invocations=4 (full 0):
 garbage-first heap   total 126976K, used 42900K [0x0000000084000000, 0x0000000100000000)
  region size 1024K, 1 young (1024K), 1 survivors (1024K)
 Metaspace       used 6307K, committed 6528K, reserved 1114112K
  class space    used 293K, committed 384K, reserved 1048576K
}
Event: 7.278 GC heap before
{Heap before GC invocations=4 (full 0):
 garbage-first heap   total 126976K, used 75668K [0x0000000084000000, 0x0000000100000000)
  region size 1024K, 33 young (33792K), 1 survivors (1024K)
 Metaspace       used 6404K, committed 6592K, reserved 1114112K
  class space    used 293K, committed 384K, reserved 1048576K
}
Event: 7.279 GC heap after
{Heap after GC invocations=5 (full 0):
 garbage-first heap   total 126976K, used 42225K [0x0000000084000000, 0x0000000100000000)
  region size 1024K, 1 young (1024K), 1 survivors (1024K)
 Metaspace       used 6404K, committed 6592K, reserved 1114112K
  class space    used 293K, committed 384K, reserved 1048576K
}
Event: 13.496 GC heap before
{Heap before GC invocations=5 (full 0):
 garbage-first heap   total 126976K, used 88305K [0x0000000084000000, 0x0000000100000000)
  region size 1024K, 46 young (47104K), 1 survivors (1024K)
 Metaspace       used 6470K, committed 6656K, reserved 1114112K
  class space    used 293K, committed 384K, reserved 1048576K
}
Event: 13.497 GC heap after
{Heap after GC invocations=6 (full 0):
 garbage-first heap   total 126976K, used 42087K [0x0000000084000000, 0x0000000100000000)
  region size 1024K, 1 young (1024K), 1 survivors (1024K)
 Metaspace       used 6470K, committed 6656K, reserved 1114112K
  class space    used 293K, committed 384K, reserved 1048576K
}
Event: 20.467 GC heap before
{Heap before GC invocations=6 (full 0):
 garbage-first heap   total 126976K, used 93287K [0x0000000084000000, 0x0000000100000000)
  region size 1024K, 51 young (52224K), 1 survivors (1024K)
 Metaspace       used 6541K, committed 6720K, reserved 1114112K
  class space    used 293K, committed 384K, reserved 1048576K
}
Event: 20.468 GC heap after
{Heap after GC invocations=7 (full 0):
 garbage-first heap   total 126976K, used 42057K [0x0000000084000000, 0x0000000100000000)
  region size 1024K, 1 young (1024K), 1 survivors (1024K)
 Metaspace       used 6541K, committed 6720K, reserved 1114112K
  class space    used 293K, committed 384K, reserved 1048576K
}
Event: 27.960 GC heap before
{Heap before GC invocations=7 (full 0):
 garbage-first heap   total 126976K, used 97353K [0x0000000084000000, 0x0000000100000000)
  region size 1024K, 55 young (56320K), 1 survivors (1024K)
 Metaspace       used 6588K, committed 6784K, reserved 1114112K
  class space    used 293K, committed 384K, reserved 1048576K
}
Event: 27.961 GC heap after
{Heap after GC invocations=8 (full 0):
 garbage-first heap   total 126976K, used 42095K [0x0000000084000000, 0x0000000100000000)
  region size 1024K, 1 young (1024K), 1 survivors (1024K)
 Metaspace       used 6588K, committed 6784K, reserved 1114112K
  class space    used 293K, committed 384K, reserved 1048576K
}
Event: 35.975 GC heap before
{Heap before GC invocations=8 (full 0):
 garbage-first heap   total 126976K, used 100463K [0x0000000084000000, 0x0000000100000000)
  region size 1024K, 58 young (59392K), 1 survivors (1024K)
 Metaspace       used 6655K, committed 6848K, reserved 1114112K
  class space    used 293K, committed 384K, reserved 1048576K
}
Event: 35.976 GC heap after
{Heap after GC invocations=9 (full 0):
 garbage-first heap   total 126976K, used 42075K [0x0000000084000000, 0x0000000100000000)
  region size 1024K, 1 young (1024K), 1 survivors (1024K)
 Metaspace       used 6655K, committed 6848K, reserved 1114112K
  class space    used 293K, committed 384K, reserved 1048576K
}

